<?xml version="1.0" encoding="UTF-8"?>
<testsuite xmlns:xsi="http://www.w3.org/2001/XMLSchema-instance" xsi:noNamespaceSchemaLocation="https://maven.apache.org/surefire/maven-surefire-plugin/xsd/surefire-test-report.xsd" name="com.cg.hbm.RoomDetailsTest" time="8.274" tests="4" errors="0" skipped="0" failures="3">
  <properties>
    <property name="awt.toolkit" value="sun.awt.X11.XToolkit"/>
    <property name="java.specification.version" value="11"/>
    <property name="sun.cpu.isalist" value=""/>
    <property name="sun.jnu.encoding" value="UTF-8"/>
    <property name="java.class.path" value="/home/fracisco/Desktop/MicroRefact/app/Results/hotelBookincomimportsámao/Hotel-Booking-Management-System/5/target/test-classes:/home/fracisco/Desktop/MicroRefact/app/Results/hotelBookincomimportsámao/Hotel-Booking-Management-System/5/target/classes:/home/fracisco/.m2/repository/org/springframework/boot/spring-boot-starter-data-jpa/2.4.4/spring-boot-starter-data-jpa-2.4.4.jar:/home/fracisco/.m2/repository/org/springframework/boot/spring-boot-starter-aop/2.4.4/spring-boot-starter-aop-2.4.4.jar:/home/fracisco/.m2/repository/org/springframework/spring-aop/5.3.5/spring-aop-5.3.5.jar:/home/fracisco/.m2/repository/org/aspectj/aspectjweaver/1.9.6/aspectjweaver-1.9.6.jar:/home/fracisco/.m2/repository/org/springframework/boot/spring-boot-starter-jdbc/2.4.4/spring-boot-starter-jdbc-2.4.4.jar:/home/fracisco/.m2/repository/com/zaxxer/HikariCP/3.4.5/HikariCP-3.4.5.jar:/home/fracisco/.m2/repository/org/springframework/spring-jdbc/5.3.5/spring-jdbc-5.3.5.jar:/home/fracisco/.m2/repository/jakarta/transaction/jakarta.transaction-api/1.3.3/jakarta.transaction-api-1.3.3.jar:/home/fracisco/.m2/repository/jakarta/persistence/jakarta.persistence-api/2.2.3/jakarta.persistence-api-2.2.3.jar:/home/fracisco/.m2/repository/org/hibernate/hibernate-core/5.4.29.Final/hibernate-core-5.4.29.Final.jar:/home/fracisco/.m2/repository/org/jboss/logging/jboss-logging/3.4.1.Final/jboss-logging-3.4.1.Final.jar:/home/fracisco/.m2/repository/org/javassist/javassist/3.27.0-GA/javassist-3.27.0-GA.jar:/home/fracisco/.m2/repository/net/bytebuddy/byte-buddy/1.10.22/byte-buddy-1.10.22.jar:/home/fracisco/.m2/repository/antlr/antlr/2.7.7/antlr-2.7.7.jar:/home/fracisco/.m2/repository/org/jboss/jandex/2.2.3.Final/jandex-2.2.3.Final.jar:/home/fracisco/.m2/repository/org/dom4j/dom4j/2.1.3/dom4j-2.1.3.jar:/home/fracisco/.m2/repository/org/hibernate/common/hibernate-commons-annotations/5.1.2.Final/hibernate-commons-annotations-5.1.2.Final.jar:/home/fracisco/.m2/repository/org/glassfish/jaxb/jaxb-runtime/2.3.3/jaxb-runtime-2.3.3.jar:/home/fracisco/.m2/repository/org/glassfish/jaxb/txw2/2.3.3/txw2-2.3.3.jar:/home/fracisco/.m2/repository/com/sun/istack/istack-commons-runtime/3.0.11/istack-commons-runtime-3.0.11.jar:/home/fracisco/.m2/repository/org/springframework/data/spring-data-jpa/2.4.6/spring-data-jpa-2.4.6.jar:/home/fracisco/.m2/repository/org/springframework/data/spring-data-commons/2.4.6/spring-data-commons-2.4.6.jar:/home/fracisco/.m2/repository/org/springframework/spring-orm/5.3.5/spring-orm-5.3.5.jar:/home/fracisco/.m2/repository/org/springframework/spring-context/5.3.5/spring-context-5.3.5.jar:/home/fracisco/.m2/repository/org/springframework/spring-tx/5.3.5/spring-tx-5.3.5.jar:/home/fracisco/.m2/repository/org/springframework/spring-beans/5.3.5/spring-beans-5.3.5.jar:/home/fracisco/.m2/repository/org/springframework/spring-aspects/5.3.5/spring-aspects-5.3.5.jar:/home/fracisco/.m2/repository/org/springframework/boot/spring-boot-starter-web/2.4.4/spring-boot-starter-web-2.4.4.jar:/home/fracisco/.m2/repository/org/springframework/boot/spring-boot-starter/2.4.4/spring-boot-starter-2.4.4.jar:/home/fracisco/.m2/repository/org/springframework/boot/spring-boot-starter-logging/2.4.4/spring-boot-starter-logging-2.4.4.jar:/home/fracisco/.m2/repository/ch/qos/logback/logback-classic/1.2.3/logback-classic-1.2.3.jar:/home/fracisco/.m2/repository/ch/qos/logback/logback-core/1.2.3/logback-core-1.2.3.jar:/home/fracisco/.m2/repository/org/apache/logging/log4j/log4j-to-slf4j/2.13.3/log4j-to-slf4j-2.13.3.jar:/home/fracisco/.m2/repository/org/apache/logging/log4j/log4j-api/2.13.3/log4j-api-2.13.3.jar:/home/fracisco/.m2/repository/org/slf4j/jul-to-slf4j/1.7.30/jul-to-slf4j-1.7.30.jar:/home/fracisco/.m2/repository/org/yaml/snakeyaml/1.27/snakeyaml-1.27.jar:/home/fracisco/.m2/repository/org/springframework/boot/spring-boot-starter-json/2.4.4/spring-boot-starter-json-2.4.4.jar:/home/fracisco/.m2/repository/com/fasterxml/jackson/datatype/jackson-datatype-jdk8/2.11.4/jackson-datatype-jdk8-2.11.4.jar:/home/fracisco/.m2/repository/com/fasterxml/jackson/datatype/jackson-datatype-jsr310/2.11.4/jackson-datatype-jsr310-2.11.4.jar:/home/fracisco/.m2/repository/com/fasterxml/jackson/module/jackson-module-parameter-names/2.11.4/jackson-module-parameter-names-2.11.4.jar:/home/fracisco/.m2/repository/org/springframework/spring-web/5.3.5/spring-web-5.3.5.jar:/home/fracisco/.m2/repository/org/springframework/spring-webmvc/5.3.5/spring-webmvc-5.3.5.jar:/home/fracisco/.m2/repository/org/springframework/spring-expression/5.3.5/spring-expression-5.3.5.jar:/home/fracisco/.m2/repository/org/springframework/boot/spring-boot-starter-web-services/2.4.4/spring-boot-starter-web-services-2.4.4.jar:/home/fracisco/.m2/repository/com/sun/xml/messaging/saaj/saaj-impl/1.5.2/saaj-impl-1.5.2.jar:/home/fracisco/.m2/repository/jakarta/xml/soap/jakarta.xml.soap-api/1.4.2/jakarta.xml.soap-api-1.4.2.jar:/home/fracisco/.m2/repository/org/jvnet/staxex/stax-ex/1.8.3/stax-ex-1.8.3.jar:/home/fracisco/.m2/repository/com/sun/activation/jakarta.activation/1.2.2/jakarta.activation-1.2.2.jar:/home/fracisco/.m2/repository/jakarta/xml/ws/jakarta.xml.ws-api/2.3.3/jakarta.xml.ws-api-2.3.3.jar:/home/fracisco/.m2/repository/jakarta/jws/jakarta.jws-api/2.1.0/jakarta.jws-api-2.1.0.jar:/home/fracisco/.m2/repository/org/springframework/spring-oxm/5.3.5/spring-oxm-5.3.5.jar:/home/fracisco/.m2/repository/org/springframework/ws/spring-ws-core/3.0.10.RELEASE/spring-ws-core-3.0.10.RELEASE.jar:/home/fracisco/.m2/repository/org/springframework/ws/spring-xml/3.0.10.RELEASE/spring-xml-3.0.10.RELEASE.jar:/home/fracisco/.m2/repository/org/springframework/boot/spring-boot-devtools/2.4.4/spring-boot-devtools-2.4.4.jar:/home/fracisco/.m2/repository/org/springframework/boot/spring-boot/2.4.4/spring-boot-2.4.4.jar:/home/fracisco/.m2/repository/org/springframework/boot/spring-boot-autoconfigure/2.4.4/spring-boot-autoconfigure-2.4.4.jar:/home/fracisco/.m2/repository/mysql/mysql-connector-java/8.0.23/mysql-connector-java-8.0.23.jar:/home/fracisco/.m2/repository/org/springframework/boot/spring-boot-starter-tomcat/2.4.4/spring-boot-starter-tomcat-2.4.4.jar:/home/fracisco/.m2/repository/jakarta/annotation/jakarta.annotation-api/1.3.5/jakarta.annotation-api-1.3.5.jar:/home/fracisco/.m2/repository/org/apache/tomcat/embed/tomcat-embed-core/9.0.44/tomcat-embed-core-9.0.44.jar:/home/fracisco/.m2/repository/org/glassfish/jakarta.el/3.0.3/jakarta.el-3.0.3.jar:/home/fracisco/.m2/repository/org/apache/tomcat/embed/tomcat-embed-websocket/9.0.44/tomcat-embed-websocket-9.0.44.jar:/home/fracisco/.m2/repository/org/springframework/boot/spring-boot-starter-test/2.4.4/spring-boot-starter-test-2.4.4.jar:/home/fracisco/.m2/repository/org/springframework/boot/spring-boot-test/2.4.4/spring-boot-test-2.4.4.jar:/home/fracisco/.m2/repository/org/springframework/boot/spring-boot-test-autoconfigure/2.4.4/spring-boot-test-autoconfigure-2.4.4.jar:/home/fracisco/.m2/repository/com/jayway/jsonpath/json-path/2.4.0/json-path-2.4.0.jar:/home/fracisco/.m2/repository/net/minidev/json-smart/2.3/json-smart-2.3.jar:/home/fracisco/.m2/repository/net/minidev/accessors-smart/1.2/accessors-smart-1.2.jar:/home/fracisco/.m2/repository/org/ow2/asm/asm/5.0.4/asm-5.0.4.jar:/home/fracisco/.m2/repository/jakarta/xml/bind/jakarta.xml.bind-api/2.3.3/jakarta.xml.bind-api-2.3.3.jar:/home/fracisco/.m2/repository/jakarta/activation/jakarta.activation-api/1.2.2/jakarta.activation-api-1.2.2.jar:/home/fracisco/.m2/repository/org/assertj/assertj-core/3.18.1/assertj-core-3.18.1.jar:/home/fracisco/.m2/repository/org/hamcrest/hamcrest/2.2/hamcrest-2.2.jar:/home/fracisco/.m2/repository/org/junit/jupiter/junit-jupiter/5.7.1/junit-jupiter-5.7.1.jar:/home/fracisco/.m2/repository/org/junit/jupiter/junit-jupiter-api/5.7.1/junit-jupiter-api-5.7.1.jar:/home/fracisco/.m2/repository/org/apiguardian/apiguardian-api/1.1.0/apiguardian-api-1.1.0.jar:/home/fracisco/.m2/repository/org/opentest4j/opentest4j/1.2.0/opentest4j-1.2.0.jar:/home/fracisco/.m2/repository/org/junit/platform/junit-platform-commons/1.7.1/junit-platform-commons-1.7.1.jar:/home/fracisco/.m2/repository/org/junit/jupiter/junit-jupiter-params/5.7.1/junit-jupiter-params-5.7.1.jar:/home/fracisco/.m2/repository/org/junit/jupiter/junit-jupiter-engine/5.7.1/junit-jupiter-engine-5.7.1.jar:/home/fracisco/.m2/repository/org/junit/platform/junit-platform-engine/1.7.1/junit-platform-engine-1.7.1.jar:/home/fracisco/.m2/repository/org/mockito/mockito-core/3.6.28/mockito-core-3.6.28.jar:/home/fracisco/.m2/repository/net/bytebuddy/byte-buddy-agent/1.10.22/byte-buddy-agent-1.10.22.jar:/home/fracisco/.m2/repository/org/objenesis/objenesis/3.1/objenesis-3.1.jar:/home/fracisco/.m2/repository/org/mockito/mockito-junit-jupiter/3.6.28/mockito-junit-jupiter-3.6.28.jar:/home/fracisco/.m2/repository/org/skyscreamer/jsonassert/1.5.0/jsonassert-1.5.0.jar:/home/fracisco/.m2/repository/com/vaadin/external/google/android-json/0.0.20131108.vaadin1/android-json-0.0.20131108.vaadin1.jar:/home/fracisco/.m2/repository/org/springframework/spring-core/5.3.5/spring-core-5.3.5.jar:/home/fracisco/.m2/repository/org/springframework/spring-jcl/5.3.5/spring-jcl-5.3.5.jar:/home/fracisco/.m2/repository/org/springframework/spring-test/5.3.5/spring-test-5.3.5.jar:/home/fracisco/.m2/repository/org/xmlunit/xmlunit-core/2.7.0/xmlunit-core-2.7.0.jar:/home/fracisco/.m2/repository/io/springfox/springfox-swagger2/2.9.2/springfox-swagger2-2.9.2.jar:/home/fracisco/.m2/repository/io/swagger/swagger-annotations/1.5.20/swagger-annotations-1.5.20.jar:/home/fracisco/.m2/repository/io/swagger/swagger-models/1.5.20/swagger-models-1.5.20.jar:/home/fracisco/.m2/repository/io/springfox/springfox-spi/2.9.2/springfox-spi-2.9.2.jar:/home/fracisco/.m2/repository/io/springfox/springfox-core/2.9.2/springfox-core-2.9.2.jar:/home/fracisco/.m2/repository/io/springfox/springfox-schema/2.9.2/springfox-schema-2.9.2.jar:/home/fracisco/.m2/repository/io/springfox/springfox-swagger-common/2.9.2/springfox-swagger-common-2.9.2.jar:/home/fracisco/.m2/repository/io/springfox/springfox-spring-web/2.9.2/springfox-spring-web-2.9.2.jar:/home/fracisco/.m2/repository/com/google/guava/guava/20.0/guava-20.0.jar:/home/fracisco/.m2/repository/com/fasterxml/classmate/1.5.1/classmate-1.5.1.jar:/home/fracisco/.m2/repository/org/slf4j/slf4j-api/1.7.30/slf4j-api-1.7.30.jar:/home/fracisco/.m2/repository/org/springframework/plugin/spring-plugin-core/1.2.0.RELEASE/spring-plugin-core-1.2.0.RELEASE.jar:/home/fracisco/.m2/repository/org/springframework/plugin/spring-plugin-metadata/1.2.0.RELEASE/spring-plugin-metadata-1.2.0.RELEASE.jar:/home/fracisco/.m2/repository/org/mapstruct/mapstruct/1.2.0.Final/mapstruct-1.2.0.Final.jar:/home/fracisco/.m2/repository/io/springfox/springfox-swagger-ui/2.9.2/springfox-swagger-ui-2.9.2.jar:/home/fracisco/.m2/repository/com/fasterxml/jackson/core/jackson-databind/2.10.0/jackson-databind-2.10.0.jar:/home/fracisco/.m2/repository/com/fasterxml/jackson/core/jackson-core/2.10.0/jackson-core-2.10.0.jar:/home/fracisco/.m2/repository/com/fasterxml/jackson/core/jackson-annotations/2.10.0/jackson-annotations-2.10.0.jar:/home/fracisco/.m2/repository/junit/junit/4.12/junit-4.12.jar:/home/fracisco/.m2/repository/org/hamcrest/hamcrest-core/1.3/hamcrest-core-1.3.jar:"/>
    <property name="java.vm.vendor" value="Ubuntu"/>
    <property name="sun.arch.data.model" value="64"/>
    <property name="java.vendor.url" value="https://ubuntu.com/"/>
    <property name="user.timezone" value=""/>
    <property name="java.vm.specification.version" value="11"/>
    <property name="os.name" value="Linux"/>
    <property name="sun.java.launcher" value="SUN_STANDARD"/>
    <property name="user.country" value="PT"/>
    <property name="sun.boot.library.path" value="/usr/lib/jvm/java-11-openjdk-amd64/lib"/>
    <property name="sun.java.command" value="/home/fracisco/Desktop/MicroRefact/app/Results/hotelBookincomimportsámao/Hotel-Booking-Management-System/5/target/surefire/surefirebooter14598163427631064456.jar /home/fracisco/Desktop/MicroRefact/app/Results/hotelBookincomimportsámao/Hotel-Booking-Management-System/5/target/surefire 2021-08-29T16-53-08_322-jvmRun1 surefire1330846202979360791tmp surefire_017459136977479461925tmp"/>
    <property name="jdk.debug" value="release"/>
    <property name="surefire.test.class.path" value="/home/fracisco/Desktop/MicroRefact/app/Results/hotelBookincomimportsámao/Hotel-Booking-Management-System/5/target/test-classes:/home/fracisco/Desktop/MicroRefact/app/Results/hotelBookincomimportsámao/Hotel-Booking-Management-System/5/target/classes:/home/fracisco/.m2/repository/org/springframework/boot/spring-boot-starter-data-jpa/2.4.4/spring-boot-starter-data-jpa-2.4.4.jar:/home/fracisco/.m2/repository/org/springframework/boot/spring-boot-starter-aop/2.4.4/spring-boot-starter-aop-2.4.4.jar:/home/fracisco/.m2/repository/org/springframework/spring-aop/5.3.5/spring-aop-5.3.5.jar:/home/fracisco/.m2/repository/org/aspectj/aspectjweaver/1.9.6/aspectjweaver-1.9.6.jar:/home/fracisco/.m2/repository/org/springframework/boot/spring-boot-starter-jdbc/2.4.4/spring-boot-starter-jdbc-2.4.4.jar:/home/fracisco/.m2/repository/com/zaxxer/HikariCP/3.4.5/HikariCP-3.4.5.jar:/home/fracisco/.m2/repository/org/springframework/spring-jdbc/5.3.5/spring-jdbc-5.3.5.jar:/home/fracisco/.m2/repository/jakarta/transaction/jakarta.transaction-api/1.3.3/jakarta.transaction-api-1.3.3.jar:/home/fracisco/.m2/repository/jakarta/persistence/jakarta.persistence-api/2.2.3/jakarta.persistence-api-2.2.3.jar:/home/fracisco/.m2/repository/org/hibernate/hibernate-core/5.4.29.Final/hibernate-core-5.4.29.Final.jar:/home/fracisco/.m2/repository/org/jboss/logging/jboss-logging/3.4.1.Final/jboss-logging-3.4.1.Final.jar:/home/fracisco/.m2/repository/org/javassist/javassist/3.27.0-GA/javassist-3.27.0-GA.jar:/home/fracisco/.m2/repository/net/bytebuddy/byte-buddy/1.10.22/byte-buddy-1.10.22.jar:/home/fracisco/.m2/repository/antlr/antlr/2.7.7/antlr-2.7.7.jar:/home/fracisco/.m2/repository/org/jboss/jandex/2.2.3.Final/jandex-2.2.3.Final.jar:/home/fracisco/.m2/repository/org/dom4j/dom4j/2.1.3/dom4j-2.1.3.jar:/home/fracisco/.m2/repository/org/hibernate/common/hibernate-commons-annotations/5.1.2.Final/hibernate-commons-annotations-5.1.2.Final.jar:/home/fracisco/.m2/repository/org/glassfish/jaxb/jaxb-runtime/2.3.3/jaxb-runtime-2.3.3.jar:/home/fracisco/.m2/repository/org/glassfish/jaxb/txw2/2.3.3/txw2-2.3.3.jar:/home/fracisco/.m2/repository/com/sun/istack/istack-commons-runtime/3.0.11/istack-commons-runtime-3.0.11.jar:/home/fracisco/.m2/repository/org/springframework/data/spring-data-jpa/2.4.6/spring-data-jpa-2.4.6.jar:/home/fracisco/.m2/repository/org/springframework/data/spring-data-commons/2.4.6/spring-data-commons-2.4.6.jar:/home/fracisco/.m2/repository/org/springframework/spring-orm/5.3.5/spring-orm-5.3.5.jar:/home/fracisco/.m2/repository/org/springframework/spring-context/5.3.5/spring-context-5.3.5.jar:/home/fracisco/.m2/repository/org/springframework/spring-tx/5.3.5/spring-tx-5.3.5.jar:/home/fracisco/.m2/repository/org/springframework/spring-beans/5.3.5/spring-beans-5.3.5.jar:/home/fracisco/.m2/repository/org/springframework/spring-aspects/5.3.5/spring-aspects-5.3.5.jar:/home/fracisco/.m2/repository/org/springframework/boot/spring-boot-starter-web/2.4.4/spring-boot-starter-web-2.4.4.jar:/home/fracisco/.m2/repository/org/springframework/boot/spring-boot-starter/2.4.4/spring-boot-starter-2.4.4.jar:/home/fracisco/.m2/repository/org/springframework/boot/spring-boot-starter-logging/2.4.4/spring-boot-starter-logging-2.4.4.jar:/home/fracisco/.m2/repository/ch/qos/logback/logback-classic/1.2.3/logback-classic-1.2.3.jar:/home/fracisco/.m2/repository/ch/qos/logback/logback-core/1.2.3/logback-core-1.2.3.jar:/home/fracisco/.m2/repository/org/apache/logging/log4j/log4j-to-slf4j/2.13.3/log4j-to-slf4j-2.13.3.jar:/home/fracisco/.m2/repository/org/apache/logging/log4j/log4j-api/2.13.3/log4j-api-2.13.3.jar:/home/fracisco/.m2/repository/org/slf4j/jul-to-slf4j/1.7.30/jul-to-slf4j-1.7.30.jar:/home/fracisco/.m2/repository/org/yaml/snakeyaml/1.27/snakeyaml-1.27.jar:/home/fracisco/.m2/repository/org/springframework/boot/spring-boot-starter-json/2.4.4/spring-boot-starter-json-2.4.4.jar:/home/fracisco/.m2/repository/com/fasterxml/jackson/datatype/jackson-datatype-jdk8/2.11.4/jackson-datatype-jdk8-2.11.4.jar:/home/fracisco/.m2/repository/com/fasterxml/jackson/datatype/jackson-datatype-jsr310/2.11.4/jackson-datatype-jsr310-2.11.4.jar:/home/fracisco/.m2/repository/com/fasterxml/jackson/module/jackson-module-parameter-names/2.11.4/jackson-module-parameter-names-2.11.4.jar:/home/fracisco/.m2/repository/org/springframework/spring-web/5.3.5/spring-web-5.3.5.jar:/home/fracisco/.m2/repository/org/springframework/spring-webmvc/5.3.5/spring-webmvc-5.3.5.jar:/home/fracisco/.m2/repository/org/springframework/spring-expression/5.3.5/spring-expression-5.3.5.jar:/home/fracisco/.m2/repository/org/springframework/boot/spring-boot-starter-web-services/2.4.4/spring-boot-starter-web-services-2.4.4.jar:/home/fracisco/.m2/repository/com/sun/xml/messaging/saaj/saaj-impl/1.5.2/saaj-impl-1.5.2.jar:/home/fracisco/.m2/repository/jakarta/xml/soap/jakarta.xml.soap-api/1.4.2/jakarta.xml.soap-api-1.4.2.jar:/home/fracisco/.m2/repository/org/jvnet/staxex/stax-ex/1.8.3/stax-ex-1.8.3.jar:/home/fracisco/.m2/repository/com/sun/activation/jakarta.activation/1.2.2/jakarta.activation-1.2.2.jar:/home/fracisco/.m2/repository/jakarta/xml/ws/jakarta.xml.ws-api/2.3.3/jakarta.xml.ws-api-2.3.3.jar:/home/fracisco/.m2/repository/jakarta/jws/jakarta.jws-api/2.1.0/jakarta.jws-api-2.1.0.jar:/home/fracisco/.m2/repository/org/springframework/spring-oxm/5.3.5/spring-oxm-5.3.5.jar:/home/fracisco/.m2/repository/org/springframework/ws/spring-ws-core/3.0.10.RELEASE/spring-ws-core-3.0.10.RELEASE.jar:/home/fracisco/.m2/repository/org/springframework/ws/spring-xml/3.0.10.RELEASE/spring-xml-3.0.10.RELEASE.jar:/home/fracisco/.m2/repository/org/springframework/boot/spring-boot-devtools/2.4.4/spring-boot-devtools-2.4.4.jar:/home/fracisco/.m2/repository/org/springframework/boot/spring-boot/2.4.4/spring-boot-2.4.4.jar:/home/fracisco/.m2/repository/org/springframework/boot/spring-boot-autoconfigure/2.4.4/spring-boot-autoconfigure-2.4.4.jar:/home/fracisco/.m2/repository/mysql/mysql-connector-java/8.0.23/mysql-connector-java-8.0.23.jar:/home/fracisco/.m2/repository/org/springframework/boot/spring-boot-starter-tomcat/2.4.4/spring-boot-starter-tomcat-2.4.4.jar:/home/fracisco/.m2/repository/jakarta/annotation/jakarta.annotation-api/1.3.5/jakarta.annotation-api-1.3.5.jar:/home/fracisco/.m2/repository/org/apache/tomcat/embed/tomcat-embed-core/9.0.44/tomcat-embed-core-9.0.44.jar:/home/fracisco/.m2/repository/org/glassfish/jakarta.el/3.0.3/jakarta.el-3.0.3.jar:/home/fracisco/.m2/repository/org/apache/tomcat/embed/tomcat-embed-websocket/9.0.44/tomcat-embed-websocket-9.0.44.jar:/home/fracisco/.m2/repository/org/springframework/boot/spring-boot-starter-test/2.4.4/spring-boot-starter-test-2.4.4.jar:/home/fracisco/.m2/repository/org/springframework/boot/spring-boot-test/2.4.4/spring-boot-test-2.4.4.jar:/home/fracisco/.m2/repository/org/springframework/boot/spring-boot-test-autoconfigure/2.4.4/spring-boot-test-autoconfigure-2.4.4.jar:/home/fracisco/.m2/repository/com/jayway/jsonpath/json-path/2.4.0/json-path-2.4.0.jar:/home/fracisco/.m2/repository/net/minidev/json-smart/2.3/json-smart-2.3.jar:/home/fracisco/.m2/repository/net/minidev/accessors-smart/1.2/accessors-smart-1.2.jar:/home/fracisco/.m2/repository/org/ow2/asm/asm/5.0.4/asm-5.0.4.jar:/home/fracisco/.m2/repository/jakarta/xml/bind/jakarta.xml.bind-api/2.3.3/jakarta.xml.bind-api-2.3.3.jar:/home/fracisco/.m2/repository/jakarta/activation/jakarta.activation-api/1.2.2/jakarta.activation-api-1.2.2.jar:/home/fracisco/.m2/repository/org/assertj/assertj-core/3.18.1/assertj-core-3.18.1.jar:/home/fracisco/.m2/repository/org/hamcrest/hamcrest/2.2/hamcrest-2.2.jar:/home/fracisco/.m2/repository/org/junit/jupiter/junit-jupiter/5.7.1/junit-jupiter-5.7.1.jar:/home/fracisco/.m2/repository/org/junit/jupiter/junit-jupiter-api/5.7.1/junit-jupiter-api-5.7.1.jar:/home/fracisco/.m2/repository/org/apiguardian/apiguardian-api/1.1.0/apiguardian-api-1.1.0.jar:/home/fracisco/.m2/repository/org/opentest4j/opentest4j/1.2.0/opentest4j-1.2.0.jar:/home/fracisco/.m2/repository/org/junit/platform/junit-platform-commons/1.7.1/junit-platform-commons-1.7.1.jar:/home/fracisco/.m2/repository/org/junit/jupiter/junit-jupiter-params/5.7.1/junit-jupiter-params-5.7.1.jar:/home/fracisco/.m2/repository/org/junit/jupiter/junit-jupiter-engine/5.7.1/junit-jupiter-engine-5.7.1.jar:/home/fracisco/.m2/repository/org/junit/platform/junit-platform-engine/1.7.1/junit-platform-engine-1.7.1.jar:/home/fracisco/.m2/repository/org/mockito/mockito-core/3.6.28/mockito-core-3.6.28.jar:/home/fracisco/.m2/repository/net/bytebuddy/byte-buddy-agent/1.10.22/byte-buddy-agent-1.10.22.jar:/home/fracisco/.m2/repository/org/objenesis/objenesis/3.1/objenesis-3.1.jar:/home/fracisco/.m2/repository/org/mockito/mockito-junit-jupiter/3.6.28/mockito-junit-jupiter-3.6.28.jar:/home/fracisco/.m2/repository/org/skyscreamer/jsonassert/1.5.0/jsonassert-1.5.0.jar:/home/fracisco/.m2/repository/com/vaadin/external/google/android-json/0.0.20131108.vaadin1/android-json-0.0.20131108.vaadin1.jar:/home/fracisco/.m2/repository/org/springframework/spring-core/5.3.5/spring-core-5.3.5.jar:/home/fracisco/.m2/repository/org/springframework/spring-jcl/5.3.5/spring-jcl-5.3.5.jar:/home/fracisco/.m2/repository/org/springframework/spring-test/5.3.5/spring-test-5.3.5.jar:/home/fracisco/.m2/repository/org/xmlunit/xmlunit-core/2.7.0/xmlunit-core-2.7.0.jar:/home/fracisco/.m2/repository/io/springfox/springfox-swagger2/2.9.2/springfox-swagger2-2.9.2.jar:/home/fracisco/.m2/repository/io/swagger/swagger-annotations/1.5.20/swagger-annotations-1.5.20.jar:/home/fracisco/.m2/repository/io/swagger/swagger-models/1.5.20/swagger-models-1.5.20.jar:/home/fracisco/.m2/repository/io/springfox/springfox-spi/2.9.2/springfox-spi-2.9.2.jar:/home/fracisco/.m2/repository/io/springfox/springfox-core/2.9.2/springfox-core-2.9.2.jar:/home/fracisco/.m2/repository/io/springfox/springfox-schema/2.9.2/springfox-schema-2.9.2.jar:/home/fracisco/.m2/repository/io/springfox/springfox-swagger-common/2.9.2/springfox-swagger-common-2.9.2.jar:/home/fracisco/.m2/repository/io/springfox/springfox-spring-web/2.9.2/springfox-spring-web-2.9.2.jar:/home/fracisco/.m2/repository/com/google/guava/guava/20.0/guava-20.0.jar:/home/fracisco/.m2/repository/com/fasterxml/classmate/1.5.1/classmate-1.5.1.jar:/home/fracisco/.m2/repository/org/slf4j/slf4j-api/1.7.30/slf4j-api-1.7.30.jar:/home/fracisco/.m2/repository/org/springframework/plugin/spring-plugin-core/1.2.0.RELEASE/spring-plugin-core-1.2.0.RELEASE.jar:/home/fracisco/.m2/repository/org/springframework/plugin/spring-plugin-metadata/1.2.0.RELEASE/spring-plugin-metadata-1.2.0.RELEASE.jar:/home/fracisco/.m2/repository/org/mapstruct/mapstruct/1.2.0.Final/mapstruct-1.2.0.Final.jar:/home/fracisco/.m2/repository/io/springfox/springfox-swagger-ui/2.9.2/springfox-swagger-ui-2.9.2.jar:/home/fracisco/.m2/repository/com/fasterxml/jackson/core/jackson-databind/2.10.0/jackson-databind-2.10.0.jar:/home/fracisco/.m2/repository/com/fasterxml/jackson/core/jackson-core/2.10.0/jackson-core-2.10.0.jar:/home/fracisco/.m2/repository/com/fasterxml/jackson/core/jackson-annotations/2.10.0/jackson-annotations-2.10.0.jar:/home/fracisco/.m2/repository/junit/junit/4.12/junit-4.12.jar:/home/fracisco/.m2/repository/org/hamcrest/hamcrest-core/1.3/hamcrest-core-1.3.jar:"/>
    <property name="sun.cpu.endian" value="little"/>
    <property name="user.home" value="/home/fracisco"/>
    <property name="user.language" value="pt"/>
    <property name="java.specification.vendor" value="Oracle Corporation"/>
    <property name="java.version.date" value="2021-04-20"/>
    <property name="java.home" value="/usr/lib/jvm/java-11-openjdk-amd64"/>
    <property name="file.separator" value="/"/>
    <property name="basedir" value="/home/fracisco/Desktop/MicroRefact/app/Results/hotelBookincomimportsámao/Hotel-Booking-Management-System/5"/>
    <property name="java.vm.compressedOopsMode" value="32-bit"/>
    <property name="line.separator" value="&#10;"/>
    <property name="java.specification.name" value="Java Platform API Specification"/>
    <property name="java.vm.specification.vendor" value="Oracle Corporation"/>
    <property name="java.awt.graphicsenv" value="sun.awt.X11GraphicsEnvironment"/>
    <property name="surefire.real.class.path" value="/home/fracisco/Desktop/MicroRefact/app/Results/hotelBookincomimportsámao/Hotel-Booking-Management-System/5/target/surefire/surefirebooter14598163427631064456.jar"/>
    <property name="sun.management.compiler" value="HotSpot 64-Bit Tiered Compilers"/>
    <property name="java.runtime.version" value="11.0.11+9-Ubuntu-0ubuntu2.20.04"/>
    <property name="user.name" value="fracisco"/>
    <property name="path.separator" value=":"/>
    <property name="os.version" value="5.4.0-58-generic"/>
    <property name="java.runtime.name" value="OpenJDK Runtime Environment"/>
    <property name="file.encoding" value="UTF-8"/>
    <property name="java.vm.name" value="OpenJDK 64-Bit Server VM"/>
    <property name="localRepository" value="/home/fracisco/.m2/repository"/>
    <property name="java.vendor.url.bug" value="https://bugs.launchpad.net/ubuntu/+source/openjdk-lts"/>
    <property name="java.io.tmpdir" value="/tmp"/>
    <property name="java.version" value="11.0.11"/>
    <property name="user.dir" value="/home/fracisco/Desktop/MicroRefact/app/Results/hotelBookincomimportsámao/Hotel-Booking-Management-System/5"/>
    <property name="os.arch" value="amd64"/>
    <property name="java.vm.specification.name" value="Java Virtual Machine Specification"/>
    <property name="java.awt.printerjob" value="sun.print.PSPrinterJob"/>
    <property name="sun.os.patch.level" value="unknown"/>
    <property name="java.library.path" value="/usr/java/packages/lib:/usr/lib/x86_64-linux-gnu/jni:/lib/x86_64-linux-gnu:/usr/lib/x86_64-linux-gnu:/usr/lib/jni:/lib:/usr/lib"/>
    <property name="java.vm.info" value="mixed mode, sharing"/>
    <property name="java.vendor" value="Ubuntu"/>
    <property name="java.vm.version" value="11.0.11+9-Ubuntu-0ubuntu2.20.04"/>
    <property name="sun.io.unicode.encoding" value="UnicodeLittle"/>
    <property name="java.class.version" value="55.0"/>
  </properties>
  <testcase name="addRoomDetails" classname="com.cg.hbm.RoomDetailsTest" time="0.633"/>
  <testcase name="getRoomDetails" classname="com.cg.hbm.RoomDetailsTest" time="0.545">
    <failure message="expected: &lt;1&gt; but was: &lt;2&gt;" type="org.opentest4j.AssertionFailedError"><![CDATA[org.opentest4j.AssertionFailedError: expected: <1> but was: <2>
	at com.cg.hbm.RoomDetailsTest.getRoomDetails(RoomDetailsTest.java:105)
]]></failure>
    <system-out><![CDATA[2021-08-29 16:53:17.593  INFO 12635 --- [           main] o.s.b.t.m.w.SpringBootMockServletContext : Initializing Spring TestDispatcherServlet ''
2021-08-29 16:53:17.593  INFO 12635 --- [           main] o.s.t.web.servlet.TestDispatcherServlet  : Initializing Servlet ''
2021-08-29 16:53:17.594  INFO 12635 --- [           main] o.s.t.web.servlet.TestDispatcherServlet  : Completed initialization in 1 ms
Hibernate: select roomdetail0_.room_id as room_id1_0_, roomdetail0_.hotel_id as hotel_id2_0_, roomdetail0_.is_available as is_avail3_0_, roomdetail0_.rate_per_day as rate_per4_0_, roomdetail0_.room_no as room_no5_0_, roomdetail0_.room_type as room_typ6_0_ from room_details roomdetail0_
]]></system-out>
  </testcase>
  <testcase name="UpdateRoom" classname="com.cg.hbm.RoomDetailsTest" time="0.022">
    <failure message="expected: &lt;200&gt; but was: &lt;404&gt;" type="org.opentest4j.AssertionFailedError"><![CDATA[org.opentest4j.AssertionFailedError: expected: <200> but was: <404>
	at com.cg.hbm.RoomDetailsTest.UpdateRoom(RoomDetailsTest.java:79)
]]></failure>
    <system-out><![CDATA[2021-08-29 16:53:18.136  INFO 12635 --- [           main] o.s.b.t.m.w.SpringBootMockServletContext : Initializing Spring TestDispatcherServlet ''
2021-08-29 16:53:18.136  INFO 12635 --- [           main] o.s.t.web.servlet.TestDispatcherServlet  : Initializing Servlet ''
2021-08-29 16:53:18.137  INFO 12635 --- [           main] o.s.t.web.servlet.TestDispatcherServlet  : Completed initialization in 1 ms
Hibernate: select roomdetail0_.room_id as room_id1_0_0_, roomdetail0_.hotel_id as hotel_id2_0_0_, roomdetail0_.is_available as is_avail3_0_0_, roomdetail0_.rate_per_day as rate_per4_0_0_, roomdetail0_.room_no as room_no5_0_0_, roomdetail0_.room_type as room_typ6_0_0_ from room_details roomdetail0_ where roomdetail0_.room_id=?
]]></system-out>
  </testcase>
  <testcase name="deleteRoom" classname="com.cg.hbm.RoomDetailsTest" time="0.013">
    <failure message="expected: &lt;200&gt; but was: &lt;404&gt;" type="org.opentest4j.AssertionFailedError"><![CDATA[org.opentest4j.AssertionFailedError: expected: <200> but was: <404>
	at com.cg.hbm.RoomDetailsTest.deleteRoom(RoomDetailsTest.java:40)
]]></failure>
    <system-out><![CDATA[2021-08-29 16:53:18.159  INFO 12635 --- [           main] o.s.b.t.m.w.SpringBootMockServletContext : Initializing Spring TestDispatcherServlet ''
2021-08-29 16:53:18.159  INFO 12635 --- [           main] o.s.t.web.servlet.TestDispatcherServlet  : Initializing Servlet ''
2021-08-29 16:53:18.160  INFO 12635 --- [           main] o.s.t.web.servlet.TestDispatcherServlet  : Completed initialization in 1 ms
Hibernate: select roomdetail0_.room_id as room_id1_0_0_, roomdetail0_.hotel_id as hotel_id2_0_0_, roomdetail0_.is_available as is_avail3_0_0_, roomdetail0_.rate_per_day as rate_per4_0_0_, roomdetail0_.room_no as room_no5_0_0_, roomdetail0_.room_type as room_typ6_0_0_ from room_details roomdetail0_ where roomdetail0_.room_id=?
]]></system-out>
  </testcase>
</testsuite>